2026-02-23 21:09:51,209 - ERROR - Compilation failed for pow_server:
2026-02-23 21:09:51,210 - ERROR - /Users/runner/work/NextSSL/NextSSL/src/PoW/core/pow_parser.c:70:10: warning: unused variable 'json_str' [-Wunused-variable]
   70 |     char json_str[4096];
      |          ^~~~~~~~
1 warning generated.
Undefined symbols for architecture arm64:
  "_blake3_hash_many_neon", referenced from:
      _blake3_hash_many in blake3_dispatch-ee6fc5.o
ld: symbol(s) not found for architecture arm64
clang: error: linker command failed with exit code 1 (use -v to see invocation)

2026-02-23 21:09:53,600 - ERROR - Compilation failed for pow_client:
2026-02-23 21:09:53,600 - ERROR - /Users/runner/work/NextSSL/NextSSL/src/PoW/core/pow_parser.c:70:10: warning: unused variable 'json_str' [-Wunused-variable]
   70 |     char json_str[4096];
      |          ^~~~~~~~
1 warning generated.
Undefined symbols for architecture arm64:
  "_blake3_hash_many_neon", referenced from:
      _blake3_hash_many in blake3_dispatch-a2b9ab.o
ld: symbol(s) not found for architecture arm64
clang: error: linker command failed with exit code 1 (use -v to see invocation)

