2026-02-23 22:02:37,854 - INFO - === Running 10 test suites... ===
2026-02-23 22:02:37,855 - INFO - -> Running script.test.partial.pow.primitive_fast
2026-02-23 22:02:37,855 - ERROR - [FAIL] Error loading DLLs: dlopen(/Users/runner/work/NextSSL/NextSSL/bin/mac/partial/pow/server/primitive_fast.dylib, 0x0006): tried: '/Users/runner/work/NextSSL/NextSSL/bin/mac/partial/pow/server/primitive_fast.dylib' (missing LC_UUID load command), '/System/Volumes/Preboot/Cryptexes/OS/Users/runner/work/NextSSL/NextSSL/bin/mac/partial/pow/server/primitive_fast.dylib' (no such file), '/Users/runner/work/NextSSL/NextSSL/bin/mac/partial/pow/server/primitive_fast.dylib' (missing LC_UUID load command)
2026-02-23 22:02:37,855 - INFO - -> Running script.test.partial.pow.primitive_memory_hard
2026-02-23 22:02:37,856 - ERROR - [FAIL] Error loading DLLs: dlopen(/Users/runner/work/NextSSL/NextSSL/bin/mac/partial/pow/server/primitive_memory_hard.dylib, 0x0006): tried: '/Users/runner/work/NextSSL/NextSSL/bin/mac/partial/pow/server/primitive_memory_hard.dylib' (missing LC_UUID load command), '/System/Volumes/Preboot/Cryptexes/OS/Users/runner/work/NextSSL/NextSSL/bin/mac/partial/pow/server/primitive_memory_hard.dylib' (no such file), '/Users/runner/work/NextSSL/NextSSL/bin/mac/partial/pow/server/primitive_memory_hard.dylib' (missing LC_UUID load command)
2026-02-23 22:02:37,856 - INFO - -> Running script.test.partial.pow.primitive_sponge_xof
2026-02-23 22:02:37,857 - ERROR - [FAIL] Error loading DLLs: dlopen(/Users/runner/work/NextSSL/NextSSL/bin/mac/partial/pow/server/primitive_sponge_xof.dylib, 0x0006): tried: '/Users/runner/work/NextSSL/NextSSL/bin/mac/partial/pow/server/primitive_sponge_xof.dylib' (missing LC_UUID load command), '/System/Volumes/Preboot/Cryptexes/OS/Users/runner/work/NextSSL/NextSSL/bin/mac/partial/pow/server/primitive_sponge_xof.dylib' (no such file), '/Users/runner/work/NextSSL/NextSSL/bin/mac/partial/pow/server/primitive_sponge_xof.dylib' (missing LC_UUID load command)
2026-02-23 22:02:37,857 - INFO - -> Running script.test.partial.pow.legacy_alive
2026-02-23 22:02:37,857 - ERROR - [FAIL] Error loading DLLs: dlopen(/Users/runner/work/NextSSL/NextSSL/bin/mac/partial/pow/server/legacy_alive.dylib, 0x0006): tried: '/Users/runner/work/NextSSL/NextSSL/bin/mac/partial/pow/server/legacy_alive.dylib' (missing LC_UUID load command), '/System/Volumes/Preboot/Cryptexes/OS/Users/runner/work/NextSSL/NextSSL/bin/mac/partial/pow/server/legacy_alive.dylib' (no such file), '/Users/runner/work/NextSSL/NextSSL/bin/mac/partial/pow/server/legacy_alive.dylib' (missing LC_UUID load command)
2026-02-23 22:02:37,857 - INFO - -> Running script.test.partial.pow.legacy_unsafe
2026-02-23 22:02:37,858 - ERROR - [FAIL] Error loading DLLs: dlopen(/Users/runner/work/NextSSL/NextSSL/bin/mac/partial/pow/server/legacy_unsafe.dylib, 0x0006): tried: '/Users/runner/work/NextSSL/NextSSL/bin/mac/partial/pow/server/legacy_unsafe.dylib' (missing LC_UUID load command), '/System/Volumes/Preboot/Cryptexes/OS/Users/runner/work/NextSSL/NextSSL/bin/mac/partial/pow/server/legacy_unsafe.dylib' (no such file), '/Users/runner/work/NextSSL/NextSSL/bin/mac/partial/pow/server/legacy_unsafe.dylib' (missing LC_UUID load command)
2026-02-23 22:02:37,858 - INFO - -> Running script.test.partial.pow.combined.primitive_fast
2026-02-23 22:02:37,858 - INFO - === === Starting PoW Combined Test: primitive_fast === ===
2026-02-23 22:02:37,858 - ERROR - [FAIL] Error loading Combined DLL: dlopen(/Users/runner/work/NextSSL/NextSSL/bin/mac/partial/pow/combined/primitive_fast.dylib, 0x0006): tried: '/Users/runner/work/NextSSL/NextSSL/bin/mac/partial/pow/combined/primitive_fast.dylib' (missing LC_UUID load command), '/System/Volumes/Preboot/Cryptexes/OS/Users/runner/work/NextSSL/NextSSL/bin/mac/partial/pow/combined/primitive_fast.dylib' (no such file), '/Users/runner/work/NextSSL/NextSSL/bin/mac/partial/pow/combined/primitive_fast.dylib' (missing LC_UUID load command)
2026-02-23 22:02:37,858 - INFO - -> Running script.test.partial.pow.combined.primitive_memory_hard
2026-02-23 22:02:37,858 - INFO - === === Starting PoW Combined Test: primitive_memory_hard === ===
2026-02-23 22:02:37,858 - ERROR - [FAIL] Error loading Combined DLL: dlopen(/Users/runner/work/NextSSL/NextSSL/bin/mac/partial/pow/combined/primitive_memory_hard.dylib, 0x0006): tried: '/Users/runner/work/NextSSL/NextSSL/bin/mac/partial/pow/combined/primitive_memory_hard.dylib' (missing LC_UUID load command), '/System/Volumes/Preboot/Cryptexes/OS/Users/runner/work/NextSSL/NextSSL/bin/mac/partial/pow/combined/primitive_memory_hard.dylib' (no such file), '/Users/runner/work/NextSSL/NextSSL/bin/mac/partial/pow/combined/primitive_memory_hard.dylib' (missing LC_UUID load command)
2026-02-23 22:02:37,858 - INFO - -> Running script.test.partial.pow.combined.primitive_sponge_xof
2026-02-23 22:02:37,858 - INFO - === === Starting PoW Combined Test: primitive_sponge_xof === ===
2026-02-23 22:02:37,859 - ERROR - [FAIL] Error loading Combined DLL: dlopen(/Users/runner/work/NextSSL/NextSSL/bin/mac/partial/pow/combined/primitive_sponge_xof.dylib, 0x0006): tried: '/Users/runner/work/NextSSL/NextSSL/bin/mac/partial/pow/combined/primitive_sponge_xof.dylib' (missing LC_UUID load command), '/System/Volumes/Preboot/Cryptexes/OS/Users/runner/work/NextSSL/NextSSL/bin/mac/partial/pow/combined/primitive_sponge_xof.dylib' (no such file), '/Users/runner/work/NextSSL/NextSSL/bin/mac/partial/pow/combined/primitive_sponge_xof.dylib' (missing LC_UUID load command)
2026-02-23 22:02:37,861 - INFO - -> Running script.test.partial.pow.combined.legacy_alive
2026-02-23 22:02:37,861 - INFO - === === Starting PoW Combined Test: legacy_alive === ===
2026-02-23 22:02:37,861 - ERROR - [FAIL] Error loading Combined DLL: dlopen(/Users/runner/work/NextSSL/NextSSL/bin/mac/partial/pow/combined/legacy_alive.dylib, 0x0006): tried: '/Users/runner/work/NextSSL/NextSSL/bin/mac/partial/pow/combined/legacy_alive.dylib' (missing LC_UUID load command), '/System/Volumes/Preboot/Cryptexes/OS/Users/runner/work/NextSSL/NextSSL/bin/mac/partial/pow/combined/legacy_alive.dylib' (no such file), '/Users/runner/work/NextSSL/NextSSL/bin/mac/partial/pow/combined/legacy_alive.dylib' (missing LC_UUID load command)
2026-02-23 22:02:37,861 - INFO - -> Running script.test.partial.pow.combined.legacy_unsafe
2026-02-23 22:02:37,861 - INFO - === === Starting PoW Combined Test: legacy_unsafe === ===
2026-02-23 22:02:37,861 - ERROR - [FAIL] Error loading Combined DLL: dlopen(/Users/runner/work/NextSSL/NextSSL/bin/mac/partial/pow/combined/legacy_unsafe.dylib, 0x0006): tried: '/Users/runner/work/NextSSL/NextSSL/bin/mac/partial/pow/combined/legacy_unsafe.dylib' (missing LC_UUID load command), '/System/Volumes/Preboot/Cryptexes/OS/Users/runner/work/NextSSL/NextSSL/bin/mac/partial/pow/combined/legacy_unsafe.dylib' (no such file), '/Users/runner/work/NextSSL/NextSSL/bin/mac/partial/pow/combined/legacy_unsafe.dylib' (missing LC_UUID load command)
2026-02-23 22:02:37,861 - ERROR - [FAIL] TEST SUITE FAILED: 10 modules failed
2026-02-23 22:02:37,861 - ERROR - [FAIL]   - script.test.partial.pow.primitive_fast FAILED
2026-02-23 22:02:37,861 - ERROR - [FAIL]   - script.test.partial.pow.primitive_memory_hard FAILED
2026-02-23 22:02:37,861 - ERROR - [FAIL]   - script.test.partial.pow.primitive_sponge_xof FAILED
2026-02-23 22:02:37,861 - ERROR - [FAIL]   - script.test.partial.pow.legacy_alive FAILED
2026-02-23 22:02:37,861 - ERROR - [FAIL]   - script.test.partial.pow.legacy_unsafe FAILED
2026-02-23 22:02:37,861 - ERROR - [FAIL]   - script.test.partial.pow.combined.primitive_fast FAILED
2026-02-23 22:02:37,861 - ERROR - [FAIL]   - script.test.partial.pow.combined.primitive_memory_hard FAILED
2026-02-23 22:02:37,861 - ERROR - [FAIL]   - script.test.partial.pow.combined.primitive_sponge_xof FAILED
2026-02-23 22:02:37,861 - ERROR - [FAIL]   - script.test.partial.pow.combined.legacy_alive FAILED
2026-02-23 22:02:37,861 - ERROR - [FAIL]   - script.test.partial.pow.combined.legacy_unsafe FAILED
