2026-02-23 22:04:23,600 - INFO - === Running 1 test suites... ===
2026-02-23 22:04:23,600 - INFO - -> Running script.test.main.dhcm
2026-02-23 22:04:23,600 - INFO - -> Loading /Users/runner/work/NextSSL/NextSSL/bin/mac/main/dhcm.dylib
2026-02-23 22:04:23,600 - ERROR - [FAIL] DLL not found: /Users/runner/work/NextSSL/NextSSL/bin/mac/main/dhcm.dylib
2026-02-23 22:04:23,600 - ERROR - [FAIL] TEST SUITE FAILED: 1 modules failed
2026-02-23 22:04:23,600 - ERROR - [FAIL]   - script.test.main.dhcm FAILED
