2026-02-23 21:04:42,993 - ERROR - Compilation failed for pow_server_primitive:
2026-02-23 21:04:42,993 - ERROR - /home/runner/work/NextSSL/NextSSL/src/PoW/core/pow_parser.c: In function ‘pow_parser_encode_challenge’:
/home/runner/work/NextSSL/NextSSL/src/PoW/core/pow_parser.c:70:10: warning: unused variable ‘json_str’ [-Wunused-variable]
   70 |     char json_str[4096];
      |          ^~~~~~~~
/usr/bin/ld: /usr/lib/gcc/x86_64-linux-gnu/13/crtbeginT.o: relocation R_X86_64_32 against hidden symbol `__TMC_END__' can not be used when making a shared object
/usr/bin/ld: failed to set dynamic section sizes: bad value
collect2: error: ld returned 1 exit status

2026-02-23 21:04:46,196 - ERROR - Compilation failed for pow_client_primitive:
2026-02-23 21:04:46,196 - ERROR - /home/runner/work/NextSSL/NextSSL/src/PoW/core/pow_parser.c: In function ‘pow_parser_encode_challenge’:
/home/runner/work/NextSSL/NextSSL/src/PoW/core/pow_parser.c:70:10: warning: unused variable ‘json_str’ [-Wunused-variable]
   70 |     char json_str[4096];
      |          ^~~~~~~~
/usr/bin/ld: /usr/lib/gcc/x86_64-linux-gnu/13/crtbeginT.o: relocation R_X86_64_32 against hidden symbol `__TMC_END__' can not be used when making a shared object
/usr/bin/ld: failed to set dynamic section sizes: bad value
collect2: error: ld returned 1 exit status

