2026-02-23 23:13:50,247 - INFO - Successfully built aes_modes
2026-02-23 23:13:50,769 - INFO - Successfully built aes_aead
2026-02-23 23:13:51,085 - INFO - Successfully built stream_aead
2026-02-23 23:13:52,250 - INFO - Successfully built macs
2026-02-23 23:13:53,357 - ERROR - Compilation failed for ecc:
2026-02-23 23:13:53,357 - ERROR - /home/runner/work/NextSSL/NextSSL/src/primitives/ecc/ristretto255/ristretto255.c:2:10: fatal error: '../Ed25519/fe.h' file not found
    2 | #include "../Ed25519/fe.h"
      |          ^~~~~~~~~~~~~~~~~
1 error generated.
emcc: error: '/home/runner/work/NextSSL/NextSSL/emsdk/upstream/bin/clang -target wasm32-unknown-emscripten -fignore-exceptions -mllvm -combiner-global-alias-analysis=false -mllvm -enable-emscripten-sjlj -mllvm -disable-lsr --sysroot=/home/runner/work/NextSSL/NextSSL/emsdk/upstream/emscripten/cache/sysroot -DEMSCRIPTEN -Werror=implicit-function-declaration -Xclang -iwithsysroot/include/fakesdl -Xclang -iwithsysroot/include/compat -O2 -Wall -I/home/runner/work/NextSSL/NextSSL/src -I/home/runner/work/NextSSL/NextSSL/src/include -I/home/runner/work/NextSSL/NextSSL/src/primitives -I/home/runner/work/NextSSL/NextSSL/src/primitives/hash/fast/blake3 -I/home/runner/work/NextSSL/NextSSL/src/primitives/hash/memory_hard/utils -I/home/runner/work/NextSSL/NextSSL/src/legacy/alive -I/home/runner/work/NextSSL/NextSSL/src/legacy/unsafe -I/home/runner/work/NextSSL/NextSSL/src/utils -I/home/runner/work/NextSSL/NextSSL/src/primitives/ecc/ed25519 -I/home/runner/work/NextSSL/NextSSL/src/primitives/ecc/curve448 -I/home/runner/work/NextSSL/NextSSL/src/primitives/ecc/elligator2 -I/home/runner/work/NextSSL/NextSSL/src/primitives/ecc/ristretto255 -I/home/runner/work/NextSSL/NextSSL/src/primitives/cipher/aes_core -I/home/runner/work/NextSSL/NextSSL/src/utils/drbg -I/home/runner/work/NextSSL/NextSSL/src/primitives/hash/sponge_xof/shake -I/home/runner/work/NextSSL/NextSSL/src -DBLAKE3_NO_AVX2 -DBLAKE3_NO_AVX512 -DBLAKE3_NO_SSE2 -DBLAKE3_NO_SSE41 -DBLAKE3_NO_THREADING -DBLAKE3_ATOMICS=0 -DEXCLUDE_SPHINCS /home/runner/work/NextSSL/NextSSL/src/primitives/ecc/ristretto255/ristretto255.c -c -o /tmp/emscripten_temp_aph0a61s/ristretto255_16.o' failed (returned 1)

