2026-02-23 22:03:27,483 - INFO - === Running 10 test suites... ===
2026-02-23 22:03:27,483 - INFO - -> Running script.test.partial.pow.primitive_fast
2026-02-23 22:03:27,483 - ERROR - [FAIL] Server DLL not found: /home/runner/work/NextSSL/NextSSL/bin/linux/partial/pow/server/primitive_fast.so
2026-02-23 22:03:27,483 - INFO - -> Running script.test.partial.pow.primitive_memory_hard
2026-02-23 22:03:27,483 - ERROR - [FAIL] Server DLL not found: /home/runner/work/NextSSL/NextSSL/bin/linux/partial/pow/server/primitive_memory_hard.so
2026-02-23 22:03:27,483 - INFO - -> Running script.test.partial.pow.primitive_sponge_xof
2026-02-23 22:03:27,483 - ERROR - [FAIL] Server DLL not found: /home/runner/work/NextSSL/NextSSL/bin/linux/partial/pow/server/primitive_sponge_xof.so
2026-02-23 22:03:27,483 - INFO - -> Running script.test.partial.pow.legacy_alive
2026-02-23 22:03:27,484 - ERROR - [FAIL] Server DLL not found: /home/runner/work/NextSSL/NextSSL/bin/linux/partial/pow/server/legacy_alive.so
2026-02-23 22:03:27,484 - INFO - -> Running script.test.partial.pow.legacy_unsafe
2026-02-23 22:03:27,484 - ERROR - [FAIL] Server DLL not found: /home/runner/work/NextSSL/NextSSL/bin/linux/partial/pow/server/legacy_unsafe.so
2026-02-23 22:03:27,484 - INFO - -> Running script.test.partial.pow.combined.primitive_fast
2026-02-23 22:03:27,484 - INFO - === === Starting PoW Combined Test: primitive_fast === ===
2026-02-23 22:03:27,484 - ERROR - [FAIL] Combined DLL not found: /home/runner/work/NextSSL/NextSSL/bin/linux/partial/pow/combined/primitive_fast.so
2026-02-23 22:03:27,484 - INFO - -> Running script.test.partial.pow.combined.primitive_memory_hard
2026-02-23 22:03:27,484 - INFO - === === Starting PoW Combined Test: primitive_memory_hard === ===
2026-02-23 22:03:27,484 - ERROR - [FAIL] Combined DLL not found: /home/runner/work/NextSSL/NextSSL/bin/linux/partial/pow/combined/primitive_memory_hard.so
2026-02-23 22:03:27,484 - INFO - -> Running script.test.partial.pow.combined.primitive_sponge_xof
2026-02-23 22:03:27,484 - INFO - === === Starting PoW Combined Test: primitive_sponge_xof === ===
2026-02-23 22:03:27,484 - ERROR - [FAIL] Combined DLL not found: /home/runner/work/NextSSL/NextSSL/bin/linux/partial/pow/combined/primitive_sponge_xof.so
2026-02-23 22:03:27,484 - INFO - -> Running script.test.partial.pow.combined.legacy_alive
2026-02-23 22:03:27,484 - INFO - === === Starting PoW Combined Test: legacy_alive === ===
2026-02-23 22:03:27,484 - ERROR - [FAIL] Combined DLL not found: /home/runner/work/NextSSL/NextSSL/bin/linux/partial/pow/combined/legacy_alive.so
2026-02-23 22:03:27,484 - INFO - -> Running script.test.partial.pow.combined.legacy_unsafe
2026-02-23 22:03:27,484 - INFO - === === Starting PoW Combined Test: legacy_unsafe === ===
2026-02-23 22:03:27,485 - ERROR - [FAIL] Combined DLL not found: /home/runner/work/NextSSL/NextSSL/bin/linux/partial/pow/combined/legacy_unsafe.so
2026-02-23 22:03:27,485 - ERROR - [FAIL] TEST SUITE FAILED: 10 modules failed
2026-02-23 22:03:27,485 - ERROR - [FAIL]   - script.test.partial.pow.primitive_fast FAILED
2026-02-23 22:03:27,485 - ERROR - [FAIL]   - script.test.partial.pow.primitive_memory_hard FAILED
2026-02-23 22:03:27,485 - ERROR - [FAIL]   - script.test.partial.pow.primitive_sponge_xof FAILED
2026-02-23 22:03:27,485 - ERROR - [FAIL]   - script.test.partial.pow.legacy_alive FAILED
2026-02-23 22:03:27,485 - ERROR - [FAIL]   - script.test.partial.pow.legacy_unsafe FAILED
2026-02-23 22:03:27,485 - ERROR - [FAIL]   - script.test.partial.pow.combined.primitive_fast FAILED
2026-02-23 22:03:27,485 - ERROR - [FAIL]   - script.test.partial.pow.combined.primitive_memory_hard FAILED
2026-02-23 22:03:27,485 - ERROR - [FAIL]   - script.test.partial.pow.combined.primitive_sponge_xof FAILED
2026-02-23 22:03:27,485 - ERROR - [FAIL]   - script.test.partial.pow.combined.legacy_alive FAILED
2026-02-23 22:03:27,485 - ERROR - [FAIL]   - script.test.partial.pow.combined.legacy_unsafe FAILED
