2026-02-23 22:03:14,911 - INFO - === Running 4 test suites... ===
2026-02-23 22:03:14,911 - INFO - -> Running script.test.partial.pqc.kem_lattice
2026-02-23 22:03:14,911 - INFO - [INFO] Loading DLL: /Users/runner/work/NextSSL/NextSSL/bin/mac/partial/pqc/kem_lattice.dylib
2026-02-23 22:03:14,911 - ERROR - [FAIL] DLL not found: /Users/runner/work/NextSSL/NextSSL/bin/mac/partial/pqc/kem_lattice.dylib
2026-02-23 22:03:14,911 - INFO - -> Running script.test.partial.pqc.kem_code_based
2026-02-23 22:03:14,911 - INFO - [INFO] Loading DLL: /Users/runner/work/NextSSL/NextSSL/bin/mac/partial/pqc/kem_code_based.dylib
2026-02-23 22:03:14,911 - ERROR - [FAIL] DLL not found: /Users/runner/work/NextSSL/NextSSL/bin/mac/partial/pqc/kem_code_based.dylib
2026-02-23 22:03:14,911 - INFO - -> Running script.test.partial.pqc.sign_lattice
2026-02-23 22:03:14,911 - INFO - [INFO] Loading DLL: /Users/runner/work/NextSSL/NextSSL/bin/mac/partial/pqc/sign_lattice.dylib
2026-02-23 22:03:14,911 - ERROR - [FAIL] DLL not found: /Users/runner/work/NextSSL/NextSSL/bin/mac/partial/pqc/sign_lattice.dylib
2026-02-23 22:03:14,911 - INFO - -> Running script.test.partial.pqc.sign_hash_based
2026-02-23 22:03:14,911 - INFO - [INFO] Loading DLL: /Users/runner/work/NextSSL/NextSSL/bin/mac/partial/pqc/sign_hash_based.dylib
2026-02-23 22:03:14,911 - ERROR - [FAIL] DLL not found: /Users/runner/work/NextSSL/NextSSL/bin/mac/partial/pqc/sign_hash_based.dylib
2026-02-23 22:03:14,911 - ERROR - [FAIL] TEST SUITE FAILED: 4 modules failed
2026-02-23 22:03:14,911 - ERROR - [FAIL]   - script.test.partial.pqc.kem_lattice FAILED
2026-02-23 22:03:14,911 - ERROR - [FAIL]   - script.test.partial.pqc.kem_code_based FAILED
2026-02-23 22:03:14,912 - ERROR - [FAIL]   - script.test.partial.pqc.sign_lattice FAILED
2026-02-23 22:03:14,912 - ERROR - [FAIL]   - script.test.partial.pqc.sign_hash_based FAILED
