2026-02-23 22:06:11,978 - INFO - === Running 1 test suites... ===
2026-02-23 22:06:11,978 - INFO - -> Running script.test.main.core
2026-02-23 22:06:11,979 - INFO - -> Loading /home/runner/work/NextSSL/NextSSL/bin/linux/main/core.so
2026-02-23 22:06:11,979 - ERROR - [FAIL] DLL not found: /home/runner/work/NextSSL/NextSSL/bin/linux/main/core.so
2026-02-23 22:06:11,979 - ERROR - [FAIL] TEST SUITE FAILED: 1 modules failed
2026-02-23 22:06:11,979 - ERROR - [FAIL]   - script.test.main.core FAILED
