2026-02-23 22:01:53,458 - INFO - === Running 5 test suites... ===
2026-02-23 22:01:53,458 - INFO - -> Running script.test.partial.hash.primitive_fast
2026-02-23 22:01:53,458 - INFO - [INFO] Loading DLL: /Users/runner/work/NextSSL/NextSSL/bin/mac/partial/hash/primitive_fast.dylib
2026-02-23 22:01:53,458 - ERROR - [FAIL] DLL not found: /Users/runner/work/NextSSL/NextSSL/bin/mac/partial/hash/primitive_fast.dylib
2026-02-23 22:01:53,458 - INFO - -> Running script.test.partial.hash.primitive_memory_hard
2026-02-23 22:01:53,458 - INFO - [INFO] Loading DLL: /Users/runner/work/NextSSL/NextSSL/bin/mac/partial/hash/primitive_memory_hard.dylib
2026-02-23 22:01:53,458 - ERROR - [FAIL] Failed to load DLL: dlopen(/Users/runner/work/NextSSL/NextSSL/bin/mac/partial/hash/primitive_memory_hard.dylib, 0x0006): tried: '/Users/runner/work/NextSSL/NextSSL/bin/mac/partial/hash/primitive_memory_hard.dylib' (missing LC_UUID load command), '/System/Volumes/Preboot/Cryptexes/OS/Users/runner/work/NextSSL/NextSSL/bin/mac/partial/hash/primitive_memory_hard.dylib' (no such file), '/Users/runner/work/NextSSL/NextSSL/bin/mac/partial/hash/primitive_memory_hard.dylib' (missing LC_UUID load command)
2026-02-23 22:01:53,458 - INFO - -> Running script.test.partial.hash.primitive_sponge_xof
2026-02-23 22:01:53,459 - INFO - [INFO] Loading DLL: /Users/runner/work/NextSSL/NextSSL/bin/mac/partial/hash/primitive_sponge_xof.dylib
2026-02-23 22:01:53,459 - ERROR - [FAIL] Failed to load DLL: dlopen(/Users/runner/work/NextSSL/NextSSL/bin/mac/partial/hash/primitive_sponge_xof.dylib, 0x0006): tried: '/Users/runner/work/NextSSL/NextSSL/bin/mac/partial/hash/primitive_sponge_xof.dylib' (missing LC_UUID load command), '/System/Volumes/Preboot/Cryptexes/OS/Users/runner/work/NextSSL/NextSSL/bin/mac/partial/hash/primitive_sponge_xof.dylib' (no such file), '/Users/runner/work/NextSSL/NextSSL/bin/mac/partial/hash/primitive_sponge_xof.dylib' (missing LC_UUID load command)
2026-02-23 22:01:53,459 - INFO - -> Running script.test.partial.hash.legacy_alive
2026-02-23 22:01:53,459 - INFO - [INFO] Loading DLL: /Users/runner/work/NextSSL/NextSSL/bin/mac/partial/hash/legacy_alive.dylib
2026-02-23 22:01:53,459 - ERROR - [FAIL] Failed to load DLL: dlopen(/Users/runner/work/NextSSL/NextSSL/bin/mac/partial/hash/legacy_alive.dylib, 0x0006): tried: '/Users/runner/work/NextSSL/NextSSL/bin/mac/partial/hash/legacy_alive.dylib' (missing LC_UUID load command), '/System/Volumes/Preboot/Cryptexes/OS/Users/runner/work/NextSSL/NextSSL/bin/mac/partial/hash/legacy_alive.dylib' (no such file), '/Users/runner/work/NextSSL/NextSSL/bin/mac/partial/hash/legacy_alive.dylib' (missing LC_UUID load command)
2026-02-23 22:01:53,459 - INFO - -> Running script.test.partial.hash.legacy_unsafe
2026-02-23 22:01:53,459 - INFO - [INFO] Loading DLL: /Users/runner/work/NextSSL/NextSSL/bin/mac/partial/hash/legacy_unsafe.dylib
2026-02-23 22:01:53,459 - ERROR - [FAIL] Failed to load DLL: dlopen(/Users/runner/work/NextSSL/NextSSL/bin/mac/partial/hash/legacy_unsafe.dylib, 0x0006): tried: '/Users/runner/work/NextSSL/NextSSL/bin/mac/partial/hash/legacy_unsafe.dylib' (missing LC_UUID load command), '/System/Volumes/Preboot/Cryptexes/OS/Users/runner/work/NextSSL/NextSSL/bin/mac/partial/hash/legacy_unsafe.dylib' (no such file), '/Users/runner/work/NextSSL/NextSSL/bin/mac/partial/hash/legacy_unsafe.dylib' (missing LC_UUID load command)
2026-02-23 22:01:53,459 - ERROR - [FAIL] TEST SUITE FAILED: 5 modules failed
2026-02-23 22:01:53,459 - ERROR - [FAIL]   - script.test.partial.hash.primitive_fast FAILED
2026-02-23 22:01:53,459 - ERROR - [FAIL]   - script.test.partial.hash.primitive_memory_hard FAILED
2026-02-23 22:01:53,459 - ERROR - [FAIL]   - script.test.partial.hash.primitive_sponge_xof FAILED
2026-02-23 22:01:53,459 - ERROR - [FAIL]   - script.test.partial.hash.legacy_alive FAILED
2026-02-23 22:01:53,459 - ERROR - [FAIL]   - script.test.partial.hash.legacy_unsafe FAILED
