2026-02-23 22:03:57,226 - INFO - === Running 2 test suites... ===
2026-02-23 22:03:57,226 - INFO - -> Running script.test.base.pqc_kem_main
2026-02-23 22:03:57,227 - INFO - [INFO] Loading DLL: /Users/runner/work/NextSSL/NextSSL/bin/mac/base/pqc_kem_main.dylib
2026-02-23 22:03:57,227 - ERROR - [FAIL] DLL not found: /Users/runner/work/NextSSL/NextSSL/bin/mac/base/pqc_kem_main.dylib
2026-02-23 22:03:57,227 - INFO - -> Running script.test.base.pqc_sign_main
2026-02-23 22:03:57,227 - INFO - [INFO] Loading DLL: /Users/runner/work/NextSSL/NextSSL/bin/mac/base/pqc_sign_main.dylib
2026-02-23 22:03:57,227 - ERROR - [FAIL] DLL not found: /Users/runner/work/NextSSL/NextSSL/bin/mac/base/pqc_sign_main.dylib
2026-02-23 22:03:57,227 - ERROR - [FAIL] TEST SUITE FAILED: 2 modules failed
2026-02-23 22:03:57,227 - ERROR - [FAIL]   - script.test.base.pqc_kem_main FAILED
2026-02-23 22:03:57,227 - ERROR - [FAIL]   - script.test.base.pqc_sign_main FAILED
