2026-02-23 22:03:31,724 - INFO - === Running 3 test suites... ===
2026-02-23 22:03:31,724 - INFO - -> Running script.test.base.core_cipher_main
2026-02-23 22:03:31,724 - INFO - -> Loading /Users/runner/work/NextSSL/NextSSL/bin/mac/base/core_cipher_main.dylib
2026-02-23 22:03:31,724 - ERROR - [FAIL] DLL not found: /Users/runner/work/NextSSL/NextSSL/bin/mac/base/core_cipher_main.dylib
2026-02-23 22:03:31,724 - INFO - -> Running script.test.base.core_mac_main
2026-02-23 22:03:31,724 - INFO - -> Loading /Users/runner/work/NextSSL/NextSSL/bin/mac/base/core_mac_main.dylib
2026-02-23 22:03:31,724 - ERROR - [FAIL] DLL not found: /Users/runner/work/NextSSL/NextSSL/bin/mac/base/core_mac_main.dylib
2026-02-23 22:03:31,724 - INFO - -> Running script.test.base.core_ecc_main
2026-02-23 22:03:31,724 - INFO - -> Loading /Users/runner/work/NextSSL/NextSSL/bin/mac/base/core_ecc_main.dylib
2026-02-23 22:03:31,724 - ERROR - [FAIL] DLL not found: /Users/runner/work/NextSSL/NextSSL/bin/mac/base/core_ecc_main.dylib
2026-02-23 22:03:31,724 - ERROR - [FAIL] TEST SUITE FAILED: 3 modules failed
2026-02-23 22:03:31,724 - ERROR - [FAIL]   - script.test.base.core_cipher_main FAILED
2026-02-23 22:03:31,724 - ERROR - [FAIL]   - script.test.base.core_mac_main FAILED
2026-02-23 22:03:31,724 - ERROR - [FAIL]   - script.test.base.core_ecc_main FAILED
