2026-02-23 22:01:45,427 - INFO - === Running 5 test suites... ===
2026-02-23 22:01:45,427 - INFO - -> Running script.test.partial.core.aes_modes
2026-02-23 22:01:45,427 - INFO - -> Loading /home/runner/work/NextSSL/NextSSL/bin/linux/partial/core/aes_modes.so
2026-02-23 22:01:45,427 - ERROR - [FAIL] DLL not found: /home/runner/work/NextSSL/NextSSL/bin/linux/partial/core/aes_modes.so
2026-02-23 22:01:45,427 - INFO - -> Running script.test.partial.core.aes_aead
2026-02-23 22:01:45,427 - INFO - -> Loading /home/runner/work/NextSSL/NextSSL/bin/linux/partial/core/aes_aead.so
2026-02-23 22:01:45,427 - ERROR - [FAIL] DLL not found: /home/runner/work/NextSSL/NextSSL/bin/linux/partial/core/aes_aead.so
2026-02-23 22:01:45,427 - INFO - -> Running script.test.partial.core.stream_aead
2026-02-23 22:01:45,427 - INFO - -> Loading /home/runner/work/NextSSL/NextSSL/bin/linux/partial/core/stream_aead.so
2026-02-23 22:01:45,427 - ERROR - [FAIL] DLL not found: /home/runner/work/NextSSL/NextSSL/bin/linux/partial/core/stream_aead.so
2026-02-23 22:01:45,427 - INFO - -> Running script.test.partial.core.macs
2026-02-23 22:01:45,427 - INFO - -> Loading /home/runner/work/NextSSL/NextSSL/bin/linux/partial/core/macs.so
2026-02-23 22:01:45,428 - ERROR - [FAIL] DLL not found: /home/runner/work/NextSSL/NextSSL/bin/linux/partial/core/macs.so
2026-02-23 22:01:45,428 - INFO - -> Running script.test.partial.core.ecc
2026-02-23 22:01:45,428 - INFO - -> Loading /home/runner/work/NextSSL/NextSSL/bin/linux/partial/core/ecc.so
2026-02-23 22:01:45,428 - ERROR - [FAIL] DLL not found: /home/runner/work/NextSSL/NextSSL/bin/linux/partial/core/ecc.so
2026-02-23 22:01:45,428 - ERROR - [FAIL] TEST SUITE FAILED: 5 modules failed
2026-02-23 22:01:45,428 - ERROR - [FAIL]   - script.test.partial.core.aes_modes FAILED
2026-02-23 22:01:45,428 - ERROR - [FAIL]   - script.test.partial.core.aes_aead FAILED
2026-02-23 22:01:45,428 - ERROR - [FAIL]   - script.test.partial.core.stream_aead FAILED
2026-02-23 22:01:45,428 - ERROR - [FAIL]   - script.test.partial.core.macs FAILED
2026-02-23 22:01:45,428 - ERROR - [FAIL]   - script.test.partial.core.ecc FAILED
