2026-02-23 21:12:54,194 - ERROR - Compilation failed for primitive_fast:
2026-02-23 21:12:54,194 - ERROR - /Users/runner/work/NextSSL/NextSSL/src/PoW/core/pow_parser.c:70:10: warning: unused variable 'json_str' [-Wunused-variable]
   70 |     char json_str[4096];
      |          ^~~~~~~~
1 warning generated.
Undefined symbols for architecture arm64:
  "_blake3_hash_many_neon", referenced from:
      _blake3_hash_many in blake3_dispatch-6e741c.o
ld: symbol(s) not found for architecture arm64
clang: error: linker command failed with exit code 1 (use -v to see invocation)

2026-02-23 21:12:55,500 - ERROR - Compilation failed for primitive_fast:
2026-02-23 21:12:55,501 - ERROR - /Users/runner/work/NextSSL/NextSSL/src/PoW/core/pow_parser.c:70:10: warning: unused variable 'json_str' [-Wunused-variable]
   70 |     char json_str[4096];
      |          ^~~~~~~~
1 warning generated.
Undefined symbols for architecture arm64:
  "_blake3_hash_many_neon", referenced from:
      _blake3_hash_many in blake3_dispatch-fe3e89.o
ld: symbol(s) not found for architecture arm64
clang: error: linker command failed with exit code 1 (use -v to see invocation)

