2026-02-23 22:02:43,900 - INFO - === Running 5 test suites... ===
2026-02-23 22:02:43,900 - INFO - -> Running script.test.partial.dhcm.primitive_fast
2026-02-23 22:02:43,900 - INFO - -> Loading /home/runner/work/NextSSL/NextSSL/bin/linux/partial/dhcm/primitive_fast.so
2026-02-23 22:02:43,900 - ERROR - [FAIL] DLL not found: /home/runner/work/NextSSL/NextSSL/bin/linux/partial/dhcm/primitive_fast.so
2026-02-23 22:02:43,900 - INFO - -> Running script.test.partial.dhcm.primitive_memory_hard
2026-02-23 22:02:43,901 - INFO - -> Loading /home/runner/work/NextSSL/NextSSL/bin/linux/partial/dhcm/primitive_memory_hard.so
2026-02-23 22:02:43,901 - ERROR - [FAIL] DLL not found: /home/runner/work/NextSSL/NextSSL/bin/linux/partial/dhcm/primitive_memory_hard.so
2026-02-23 22:02:43,901 - INFO - -> Running script.test.partial.dhcm.primitive_sponge_xof
2026-02-23 22:02:43,901 - INFO - -> Loading /home/runner/work/NextSSL/NextSSL/bin/linux/partial/dhcm/primitive_sponge_xof.so
2026-02-23 22:02:43,901 - ERROR - [FAIL] DLL not found: /home/runner/work/NextSSL/NextSSL/bin/linux/partial/dhcm/primitive_sponge_xof.so
2026-02-23 22:02:43,901 - INFO - -> Running script.test.partial.dhcm.legacy_alive
2026-02-23 22:02:43,901 - INFO - -> Loading /home/runner/work/NextSSL/NextSSL/bin/linux/partial/dhcm/legacy_alive.so
2026-02-23 22:02:43,901 - ERROR - [FAIL] DLL not found: /home/runner/work/NextSSL/NextSSL/bin/linux/partial/dhcm/legacy_alive.so
2026-02-23 22:02:43,901 - INFO - -> Running script.test.partial.dhcm.legacy_unsafe
2026-02-23 22:02:43,901 - INFO - -> Loading /home/runner/work/NextSSL/NextSSL/bin/linux/partial/dhcm/legacy_unsafe.so
2026-02-23 22:02:43,901 - ERROR - [FAIL] DLL not found: /home/runner/work/NextSSL/NextSSL/bin/linux/partial/dhcm/legacy_unsafe.so
2026-02-23 22:02:43,901 - ERROR - [FAIL] TEST SUITE FAILED: 5 modules failed
2026-02-23 22:02:43,901 - ERROR - [FAIL]   - script.test.partial.dhcm.primitive_fast FAILED
2026-02-23 22:02:43,901 - ERROR - [FAIL]   - script.test.partial.dhcm.primitive_memory_hard FAILED
2026-02-23 22:02:43,901 - ERROR - [FAIL]   - script.test.partial.dhcm.primitive_sponge_xof FAILED
2026-02-23 22:02:43,901 - ERROR - [FAIL]   - script.test.partial.dhcm.legacy_alive FAILED
2026-02-23 22:02:43,902 - ERROR - [FAIL]   - script.test.partial.dhcm.legacy_unsafe FAILED
