2026-02-23 22:06:30,137 - INFO - === Running 2 test suites... ===
2026-02-23 22:06:30,137 - INFO - -> Running script.test.main.pow
2026-02-23 22:06:30,137 - INFO - === === Starting PoW Main Tier Test (All Algos) === ===
2026-02-23 22:06:30,137 - INFO - [WARN] Skipping Main Tier: DLLs not found at /home/runner/work/NextSSL/NextSSL/bin/linux/main/pow_server.so
2026-02-23 22:06:30,137 - INFO - -> Running script.test.main.pow_combined
2026-02-23 22:06:30,137 - INFO - === === Starting PoW Main Combined Test === ===
2026-02-23 22:06:30,137 - INFO - [WARN] Skipping Main Combined: DLL not found at /home/runner/work/NextSSL/NextSSL/bin/linux/main/pow_combined.so
2026-02-23 22:06:30,137 - ERROR - [FAIL] TEST SUITE FAILED: 2 modules failed
2026-02-23 22:06:30,137 - ERROR - [FAIL]   - script.test.main.pow FAILED
2026-02-23 22:06:30,137 - ERROR - [FAIL]   - script.test.main.pow_combined FAILED
