2026-02-23 22:02:13,655 - INFO - === Running 5 test suites... ===
2026-02-23 22:02:13,655 - INFO - -> Running script.test.partial.hash.primitive_fast
2026-02-23 22:02:13,655 - INFO - [INFO] Loading DLL: /home/runner/work/NextSSL/NextSSL/bin/linux/partial/hash/primitive_fast.so
2026-02-23 22:02:13,656 - ERROR - [FAIL] DLL not found: /home/runner/work/NextSSL/NextSSL/bin/linux/partial/hash/primitive_fast.so
2026-02-23 22:02:13,656 - INFO - -> Running script.test.partial.hash.primitive_memory_hard
2026-02-23 22:02:13,656 - INFO - [INFO] Loading DLL: /home/runner/work/NextSSL/NextSSL/bin/linux/partial/hash/primitive_memory_hard.so
2026-02-23 22:02:13,656 - ERROR - [FAIL] DLL not found: /home/runner/work/NextSSL/NextSSL/bin/linux/partial/hash/primitive_memory_hard.so
2026-02-23 22:02:13,656 - INFO - -> Running script.test.partial.hash.primitive_sponge_xof
2026-02-23 22:02:13,656 - INFO - [INFO] Loading DLL: /home/runner/work/NextSSL/NextSSL/bin/linux/partial/hash/primitive_sponge_xof.so
2026-02-23 22:02:13,656 - ERROR - [FAIL] DLL not found: /home/runner/work/NextSSL/NextSSL/bin/linux/partial/hash/primitive_sponge_xof.so
2026-02-23 22:02:13,656 - INFO - -> Running script.test.partial.hash.legacy_alive
2026-02-23 22:02:13,656 - INFO - [INFO] Loading DLL: /home/runner/work/NextSSL/NextSSL/bin/linux/partial/hash/legacy_alive.so
2026-02-23 22:02:13,656 - ERROR - [FAIL] DLL not found: /home/runner/work/NextSSL/NextSSL/bin/linux/partial/hash/legacy_alive.so
2026-02-23 22:02:13,656 - INFO - -> Running script.test.partial.hash.legacy_unsafe
2026-02-23 22:02:13,656 - INFO - [INFO] Loading DLL: /home/runner/work/NextSSL/NextSSL/bin/linux/partial/hash/legacy_unsafe.so
2026-02-23 22:02:13,656 - ERROR - [FAIL] DLL not found: /home/runner/work/NextSSL/NextSSL/bin/linux/partial/hash/legacy_unsafe.so
2026-02-23 22:02:13,656 - ERROR - [FAIL] TEST SUITE FAILED: 5 modules failed
2026-02-23 22:02:13,656 - ERROR - [FAIL]   - script.test.partial.hash.primitive_fast FAILED
2026-02-23 22:02:13,656 - ERROR - [FAIL]   - script.test.partial.hash.primitive_memory_hard FAILED
2026-02-23 22:02:13,656 - ERROR - [FAIL]   - script.test.partial.hash.primitive_sponge_xof FAILED
2026-02-23 22:02:13,656 - ERROR - [FAIL]   - script.test.partial.hash.legacy_alive FAILED
2026-02-23 22:02:13,656 - ERROR - [FAIL]   - script.test.partial.hash.legacy_unsafe FAILED
