2026-02-23 22:06:55,885 - INFO - === Running 1 test suites... ===
2026-02-23 22:06:55,885 - INFO - -> Running script.test.main.pqc
2026-02-23 22:06:55,885 - INFO - [INFO] Loading DLL: /home/runner/work/NextSSL/NextSSL/bin/linux/main/pqc.so
2026-02-23 22:06:55,886 - ERROR - [FAIL] DLL not found: /home/runner/work/NextSSL/NextSSL/bin/linux/main/pqc.so
2026-02-23 22:06:55,886 - ERROR - [FAIL] TEST SUITE FAILED: 1 modules failed
2026-02-23 22:06:55,886 - ERROR - [FAIL]   - script.test.main.pqc FAILED
