2026-02-23 21:10:59,035 - ERROR - Compilation failed for pow_server_primitive:
2026-02-23 21:10:59,036 - ERROR - /Users/runner/work/NextSSL/NextSSL/src/PoW/core/pow_parser.c:70:10: warning: unused variable 'json_str' [-Wunused-variable]
   70 |     char json_str[4096];
      |          ^~~~~~~~
1 warning generated.
Undefined symbols for architecture arm64:
  "_blake3_hash_many_neon", referenced from:
      _blake3_hash_many in blake3_dispatch-c97525.o
ld: symbol(s) not found for architecture arm64
clang: error: linker command failed with exit code 1 (use -v to see invocation)

2026-02-23 21:11:00,757 - ERROR - Compilation failed for pow_client_primitive:
2026-02-23 21:11:00,757 - ERROR - /Users/runner/work/NextSSL/NextSSL/src/PoW/core/pow_parser.c:70:10: warning: unused variable 'json_str' [-Wunused-variable]
   70 |     char json_str[4096];
      |          ^~~~~~~~
1 warning generated.
Undefined symbols for architecture arm64:
  "_blake3_hash_many_neon", referenced from:
      _blake3_hash_many in blake3_dispatch-bd6755.o
ld: symbol(s) not found for architecture arm64
clang: error: linker command failed with exit code 1 (use -v to see invocation)

