2026-02-23 22:03:40,515 - INFO - === Running 3 test suites... ===
2026-02-23 22:03:40,515 - INFO - -> Running script.test.base.pow_primitive
2026-02-23 22:03:40,515 - INFO - === === Starting PoW Primitive Base Test === ===
2026-02-23 22:03:40,515 - ERROR - [FAIL] Error loading Primitive Base DLLs: dlopen(/Users/runner/work/NextSSL/NextSSL/bin/mac/base/pow_server_primitive.dylib, 0x0006): tried: '/Users/runner/work/NextSSL/NextSSL/bin/mac/base/pow_server_primitive.dylib' (missing LC_UUID load command), '/System/Volumes/Preboot/Cryptexes/OS/Users/runner/work/NextSSL/NextSSL/bin/mac/base/pow_server_primitive.dylib' (no such file), '/Users/runner/work/NextSSL/NextSSL/bin/mac/base/pow_server_primitive.dylib' (missing LC_UUID load command)
2026-02-23 22:03:40,516 - INFO - -> Running script.test.base.pow_legacy
2026-02-23 22:03:40,516 - INFO - === === Starting PoW Legacy Base Test === ===
2026-02-23 22:03:40,516 - ERROR - [FAIL] Error loading Legacy Base DLLs: dlopen(/Users/runner/work/NextSSL/NextSSL/bin/mac/base/pow_server_legacy.dylib, 0x0006): tried: '/Users/runner/work/NextSSL/NextSSL/bin/mac/base/pow_server_legacy.dylib' (missing LC_UUID load command), '/System/Volumes/Preboot/Cryptexes/OS/Users/runner/work/NextSSL/NextSSL/bin/mac/base/pow_server_legacy.dylib' (no such file), '/Users/runner/work/NextSSL/NextSSL/bin/mac/base/pow_server_legacy.dylib' (missing LC_UUID load command)
2026-02-23 22:03:40,516 - INFO - -> Running script.test.base.pow_combined
2026-02-23 22:03:40,516 - INFO - === === Starting PoW Base Combined Test === ===
2026-02-23 22:03:40,516 - ERROR - [FAIL] Error loading Base Combined DLL: dlopen(/Users/runner/work/NextSSL/NextSSL/bin/mac/base/pow_combined.dylib, 0x0006): tried: '/Users/runner/work/NextSSL/NextSSL/bin/mac/base/pow_combined.dylib' (missing LC_UUID load command), '/System/Volumes/Preboot/Cryptexes/OS/Users/runner/work/NextSSL/NextSSL/bin/mac/base/pow_combined.dylib' (no such file), '/Users/runner/work/NextSSL/NextSSL/bin/mac/base/pow_combined.dylib' (missing LC_UUID load command)
2026-02-23 22:03:40,516 - ERROR - [FAIL] TEST SUITE FAILED: 3 modules failed
2026-02-23 22:03:40,516 - ERROR - [FAIL]   - script.test.base.pow_primitive FAILED
2026-02-23 22:03:40,516 - ERROR - [FAIL]   - script.test.base.pow_legacy FAILED
2026-02-23 22:03:40,516 - ERROR - [FAIL]   - script.test.base.pow_combined FAILED
