2026-02-23 22:03:33,405 - INFO - === Running 2 test suites... ===
2026-02-23 22:03:33,405 - INFO - -> Running script.test.base.hash_primitive_main
2026-02-23 22:03:33,405 - INFO - [INFO] Loading DLL: /Users/runner/work/NextSSL/NextSSL/bin/mac/base/hash_primitive.dylib
2026-02-23 22:03:33,406 - ERROR - [FAIL] Failed to load DLL: dlopen(/Users/runner/work/NextSSL/NextSSL/bin/mac/base/hash_primitive.dylib, 0x0006): tried: '/Users/runner/work/NextSSL/NextSSL/bin/mac/base/hash_primitive.dylib' (missing LC_UUID load command), '/System/Volumes/Preboot/Cryptexes/OS/Users/runner/work/NextSSL/NextSSL/bin/mac/base/hash_primitive.dylib' (no such file), '/Users/runner/work/NextSSL/NextSSL/bin/mac/base/hash_primitive.dylib' (missing LC_UUID load command)
2026-02-23 22:03:33,406 - INFO - -> Running script.test.base.hash_legacy_main
2026-02-23 22:03:33,406 - INFO - [INFO] Loading DLL: /Users/runner/work/NextSSL/NextSSL/bin/mac/base/hash_legacy.dylib
2026-02-23 22:03:33,406 - ERROR - [FAIL] Failed to load DLL: dlopen(/Users/runner/work/NextSSL/NextSSL/bin/mac/base/hash_legacy.dylib, 0x0006): tried: '/Users/runner/work/NextSSL/NextSSL/bin/mac/base/hash_legacy.dylib' (missing LC_UUID load command), '/System/Volumes/Preboot/Cryptexes/OS/Users/runner/work/NextSSL/NextSSL/bin/mac/base/hash_legacy.dylib' (no such file), '/Users/runner/work/NextSSL/NextSSL/bin/mac/base/hash_legacy.dylib' (missing LC_UUID load command)
2026-02-23 22:03:33,406 - ERROR - [FAIL] TEST SUITE FAILED: 2 modules failed
2026-02-23 22:03:33,406 - ERROR - [FAIL]   - script.test.base.hash_primitive_main FAILED
2026-02-23 22:03:33,406 - ERROR - [FAIL]   - script.test.base.hash_legacy_main FAILED
